==================== 2026-02-16T14:56:03.455367Z | 794e2efa-64a6-491f-910e-c27dc5861f1b ====================
14:56:03.455419 [info ]: Starting dbt LSP server
14:56:03.455443 [info ]: Connecting to LSP client on port 57313
14:56:03.455633 [info ]: Successfully connected to LSP client
14:56:03.455640 [info ]: Creating LSP service...
==================== 2026-02-16T14:56:30.826161Z | 10e0eb99-c44c-4a5b-8e4b-14265965489b ====================
14:56:30.826209 [info ]: Starting dbt LSP server
14:56:30.826226 [info ]: Connecting to LSP client on port 44919
14:56:30.826415 [info ]: Successfully connected to LSP client
14:56:30.826423 [info ]: Creating LSP service...
14:56:30.878066 [info ]: Creating LSP server...
14:56:30.878097 [info ]: Starting LSP server...
14:56:31.624811 [info ]: Started loading project
14:56:31.624922 [info ]: Finished loading project [  0.00s]
==================== 2026-02-16T15:01:07.955040Z | a9412101-089a-49ee-a098-8c0f2f6c58bb ====================
15:01:07.955087 [info ]: Starting dbt LSP server
15:01:07.955111 [info ]: Connecting to LSP client on port 34455
15:01:07.955294 [info ]: Successfully connected to LSP client
15:01:07.955302 [info ]: Creating LSP service...
15:01:08.005077 [info ]: Creating LSP server...
15:01:08.005105 [info ]: Starting LSP server...
15:01:08.755173 [info ]: Started loading project
15:01:08.755279 [info ]: Finished loading project [  0.00s]
==================== 2026-02-16T15:05:17.350150Z | c138e02d-f7f6-43f5-9120-e83b2a5fab37 ====================
15:05:17.350198 [info ]: Starting dbt LSP server
15:05:17.350216 [info ]: Connecting to LSP client on port 54541
15:05:17.350326 [info ]: Successfully connected to LSP client
15:05:17.350332 [info ]: Creating LSP service...
15:05:17.399098 [info ]: Creating LSP server...
15:05:17.399124 [info ]: Starting LSP server...
15:05:18.312391 [info ]: Started loading project
15:05:18.312493 [info ]: Finished loading project [  0.00s]
==================== 2026-02-16T15:06:45.215887Z | 3295391b-d408-40d4-8a58-e7c069f50f7c ====================
15:06:45.215932 [info ]: Starting dbt LSP server
15:06:45.215950 [info ]: Connecting to LSP client on port 37569
15:06:45.216133 [info ]: Successfully connected to LSP client
15:06:45.216141 [info ]: Creating LSP service...
15:06:45.266521 [info ]: Creating LSP server...
15:06:45.266547 [info ]: Starting LSP server...
15:06:46.093362 [info ]: Started loading project
15:06:46.093467 [info ]: Finished loading project [  0.00s]
==================== 2026-02-16T15:07:37.431839Z | 28c6ce37-2784-4bb2-9c66-ae5cfedf4cb3 ====================
15:07:37.431906 [info ]: Starting dbt LSP server
15:07:37.431931 [info ]: Connecting to LSP client on port 50867
15:07:37.432125 [info ]: Successfully connected to LSP client
15:07:37.432137 [info ]: Creating LSP service...
15:07:37.493632 [info ]: Creating LSP server...
15:07:37.493657 [info ]: Starting LSP server...
15:07:38.395332 [info ]: Started loading project
15:07:38.395467 [info ]: Finished loading project [  0.00s]
==================== 2026-02-16T15:09:49.326394Z | b4943306-8301-4e7c-a060-2dd876f27cc3 ====================
15:09:49.326441 [info ]: Starting dbt LSP server
15:09:49.326459 [info ]: Connecting to LSP client on port 45245
15:09:49.326628 [info ]: Successfully connected to LSP client
15:09:49.326636 [info ]: Creating LSP service...
15:09:49.374903 [info ]: Creating LSP server...
15:09:49.374934 [info ]: Starting LSP server...
15:09:50.112425 [info ]: Started loading project
15:09:50.112521 [info ]: Finished loading project [  0.00s]
==================== 2026-02-16T15:29:43.111732Z | cef038d0-9e8b-47e7-a73c-2fedbf76cf28 ====================
15:29:43.111773 [info ]: Starting dbt LSP server
15:29:43.111790 [info ]: Connecting to LSP client on port 34227
15:29:43.111961 [info ]: Successfully connected to LSP client
15:29:43.111972 [info ]: Creating LSP service...
15:29:43.163342 [info ]: Creating LSP server...
15:29:43.163368 [info ]: Starting LSP server...
15:29:43.838509 [info ]: Started loading project
15:29:43.838643 [info ]: Finished loading project [  0.00s]
==================== 2026-02-16T15:30:27.897919Z | 5eddd1f2-1f34-48d6-a2c4-7e9bd46c3c8f ====================
15:30:27.897976 [info ]: Starting dbt LSP server
15:30:27.897998 [info ]: Connecting to LSP client on port 40721
15:30:27.898204 [info ]: Successfully connected to LSP client
15:30:27.898215 [info ]: Creating LSP service...
15:30:27.948168 [info ]: Creating LSP server...
15:30:27.948195 [info ]: Starting LSP server...
15:30:28.672409 [info ]: Started loading project
15:30:28.672524 [info ]: Finished loading project [  0.00s]
==================== 2026-02-16T15:30:30.262160Z | 5fb187c0-bd23-4e19-840a-855a2a791495 ====================
15:30:30.262221 [info ]: Starting dbt LSP server
15:30:30.262252 [info ]: Connecting to LSP client on port 36551
15:30:30.262450 [info ]: Successfully connected to LSP client
15:30:30.262463 [info ]: Creating LSP service...
15:30:30.333479 [info ]: Creating LSP server...
15:30:30.333507 [info ]: Starting LSP server...
15:30:31.092435 [info ]: Started loading project
15:30:31.092535 [info ]: Finished loading project [  0.00s]
==================== 2026-02-16T15:32:47.946307Z | 0bdbb897-e017-4731-882d-32e0e7046af2 ====================
15:32:47.946357 [info ]: Starting dbt LSP server
15:32:47.946381 [info ]: Connecting to LSP client on port 49525
15:32:47.946552 [info ]: Successfully connected to LSP client
15:32:47.946562 [info ]: Creating LSP service...
15:32:47.995279 [info ]: Creating LSP server...
15:32:47.995305 [info ]: Starting LSP server...
15:32:48.712410 [info ]: Started loading project
15:32:48.712512 [info ]: Finished loading project [  0.00s]
